<?xml version="1.0" encoding="UTF-8"?>
<!-- Generated by org.testng.reporters.JUnitReportReporter -->
<testsuite skipped="0" hostname="DESKTOP-U067ESR" name="com.weather.core.WeatherApiResponse" tests="3" failures="0" timestamp="2020-07-13T02:59:56 IST" time="2.417" errors="0">
  <testcase name="testResponseBody" time="2.182" classname="com.weather.core.WeatherApiResponse"/>
  <system-out/>
  <testcase name="testResponseCode" time="0.118" classname="com.weather.core.WeatherApiResponse"/>
  <system-out/>
  <testcase name="testbody" time="0.117" classname="com.weather.core.WeatherApiResponse"/>
  <system-out/>
</testsuite> <!-- com.weather.core.WeatherApiResponse -->
