<?xml version="1.0" encoding="UTF-8"?>
<!-- Generated by org.testng.reporters.JUnitReportReporter -->
<testsuite skipped="0" hostname="DESKTOP-U067ESR" name="com.weather.testcases.WeatherUI" tests="1" failures="0" timestamp="2020-07-12T02:19:37 IST" time="17.330" errors="0">
  <testcase name="gotoWeather" time="17.330" classname="com.weather.testcases.WeatherUI"/>
  <system-out/>
</testsuite> <!-- com.weather.testcases.WeatherUI -->
