<?xml version="1.0" encoding="UTF-8"?>
<!-- Generated by org.testng.reporters.JUnitReportReporter -->
<testsuite skipped="0" hostname="DESKTOP-U067ESR" name="com.weather.testcases.WeatherUI" tests="1" failures="0" timestamp="2020-07-11T02:51:24 IST" time="19.960" errors="0">
  <testcase name="gotoWeather" time="19.960" classname="com.weather.testcases.WeatherUI"/>
  <system-out/>
</testsuite> <!-- com.weather.testcases.WeatherUI -->
